Watching for file changes with StatReloader
"GET /encryption HTTP/1.1" 200 38763
"POST /encryption HTTP/1.1" 200 38763
"GET /encryption HTTP/1.1" 200 39678
"GET / HTTP/1.1" 200 40530
"GET /encryption HTTP/1.1" 200 39678
"POST /encryption HTTP/1.1" 200 41169
"GET /media/encrypted_images/new_Screenshot%202023-03-01%20193012.png HTTP/1.1" 200 1634031
"GET / HTTP/1.1" 200 40530
"GET / HTTP/1.1" 200 40530
Watching for file changes with StatReloader
"GET / HTTP/1.1" 200 40530
Not Found: /favicon.ico
"GET /favicon.ico HTTP/1.1" 404 5058
"GET /generate/ HTTP/1.1" 200 54623
Watching for file changes with StatReloader
"GET /generateqrtext/ HTTP/1.1" 200 38591
"GET /generate/ HTTP/1.1" 200 54623
"GET /generate/ HTTP/1.1" 200 54623
"GET / HTTP/1.1" 200 40530
"GET /encryption HTTP/1.1" 200 39678
"GET /generate/ HTTP/1.1" 200 54623
"GET /generateqrtext/ HTTP/1.1" 200 38591
"GET /generate/ HTTP/1.1" 200 54623
E:\Image_Steganography\image_project\image_app\forms.py changed, reloading.
Watching for file changes with StatReloader
E:\Image_Steganography\image_project\image_app\views.py changed, reloading.
Watching for file changes with StatReloader
"GET /generateqrtext/ HTTP/1.1" 200 38591
"GET /generate/ HTTP/1.1" 200 54623
"GET /generate/ HTTP/1.1" 200 56378
"GET /generate/ HTTP/1.1" 200 56378
"POST /generate/ HTTP/1.1" 200 62019
E:\Image_Steganography\image_project\image_app\views.py changed, reloading.
Watching for file changes with StatReloader
E:\Image_Steganography\image_project\image_app\views.py changed, reloading.
Watching for file changes with StatReloader
"GET /generate/ HTTP/1.1" 200 56378
"GET /generate/ HTTP/1.1" 200 56378
"POST /generate/ HTTP/1.1" 200 62023
"GET /decrypt/ HTTP/1.1" 200 44054
"GET /generate/ HTTP/1.1" 200 56378
"GET /generate/ HTTP/1.1" 200 56378
"POST /generate/ HTTP/1.1" 200 60977
"GET / HTTP/1.1" 200 40530
E:\Image_Steganography\image_project\image_app\views.py changed, reloading.
Watching for file changes with StatReloader
Watching for file changes with StatReloader
"GET / HTTP/1.1" 302 0
"GET /login?next=/ HTTP/1.1" 301 0
"GET /login/?next=/ HTTP/1.1" 200 17247
"GET / HTTP/1.1" 302 0
"GET /login?next=/ HTTP/1.1" 301 0
"GET /login/?next=/ HTTP/1.1" 200 17247
Forbidden (Origin checking failed - https://d2e6a78bf7a3.ngrok-free.app does not match any trusted origins.): /login/
"POST /login/ HTTP/1.1" 403 2568
"GET / HTTP/1.1" 302 0
"GET /login?next=/ HTTP/1.1" 301 0
"GET /login/?next=/ HTTP/1.1" 200 17247
"GET / HTTP/1.1" 302 0
"GET /login?next=/ HTTP/1.1" 301 0
"GET /login/?next=/ HTTP/1.1" 200 17247
Forbidden (Origin checking failed - https://d2e6a78bf7a3.ngrok-free.app does not match any trusted origins.): /login/
"POST /login/ HTTP/1.1" 403 2568
"GET /login/?next=/ HTTP/1.1" 200 17247
E:\Image_Steganography\image_project\image_project\settings.py changed, reloading.
Watching for file changes with StatReloader
"GET / HTTP/1.1" 302 0
"GET /login?next=/ HTTP/1.1" 301 0
"GET /login/?next=/ HTTP/1.1" 200 17247
"GET / HTTP/1.1" 302 0
"GET / HTTP/1.1" 302 0
"GET /login?next=/ HTTP/1.1" 301 0
"GET /login/?next=/ HTTP/1.1" 200 17247
"POST /login/ HTTP/1.1" 200 17558
"GET /register/ HTTP/1.1" 200 38288
"POST /register/ HTTP/1.1" 200 38763
"GET /login/ HTTP/1.1" 200 17247
"POST /login/ HTTP/1.1" 200 17558
"POST /login/ HTTP/1.1" 200 17558
"POST /login/ HTTP/1.1" 200 17558
"GET /register/ HTTP/1.1" 200 38288
"POST /register/ HTTP/1.1" 200 38763
"GET /login/ HTTP/1.1" 200 17247
"POST /login/ HTTP/1.1" 200 17558
"GET /register/ HTTP/1.1" 200 38288
"GET /register/ HTTP/1.1" 200 38288
Watching for file changes with StatReloader
"GET / HTTP/1.1" 200 40530
Not Found: /favicon.ico
"GET /favicon.ico HTTP/1.1" 404 5058
"GET /logout/ HTTP/1.1" 302 0
"GET /login/ HTTP/1.1" 200 17247
"GET /register/ HTTP/1.1" 200 38288
"GET /login/ HTTP/1.1" 200 17247
"POST /login/ HTTP/1.1" 200 17558
"POST /login/ HTTP/1.1" 200 17558
"GET /register/ HTTP/1.1" 200 38288
"POST /register/ HTTP/1.1" 302 0
"GET /login/ HTTP/1.1" 200 17247
"POST /login/ HTTP/1.1" 302 0
"GET / HTTP/1.1" 200 40530
"GET /encryption HTTP/1.1" 200 39678
"GET / HTTP/1.1" 200 40530
"GET /decryption HTTP/1.1" 200 38557
"GET /generateqrtext/ HTTP/1.1" 200 38591
"GET /generate/ HTTP/1.1" 200 56818
"GET /generateqrtext/ HTTP/1.1" 200 38591
"GET /decrypt/ HTTP/1.1" 200 44054
"GET / HTTP/1.1" 200 40530
"GET /decryption HTTP/1.1" 200 38557
"POST /decryption HTTP/1.1" 200 41343
"POST /decryption HTTP/1.1" 200 41345
"POST /decryption HTTP/1.1" 200 41345
"POST /decryption HTTP/1.1" 200 41345
"GET / HTTP/1.1" 200 40530
"GET /decryption HTTP/1.1" 200 38557
"POST /decryption HTTP/1.1" 200 41344
"POST /decryption HTTP/1.1" 200 41344
"POST /decryption HTTP/1.1" 200 41651
"GET / HTTP/1.1" 200 40530
"GET /generate/ HTTP/1.1" 200 56378
"GET /generateqrtext/ HTTP/1.1" 200 38591
"POST /generateqrtext/ HTTP/1.1" 200 41259
"GET /generate/ HTTP/1.1" 200 56378
"GET /decrypt/ HTTP/1.1" 200 44054
"GET /generate/ HTTP/1.1" 200 56378
"POST /generate/ HTTP/1.1" 200 63020
"GET /decrypt/ HTTP/1.1" 200 44054
"POST /decrypt/ HTTP/1.1" 200 48010
"GET / HTTP/1.1" 200 40530
"GET /generate/ HTTP/1.1" 200 56378
"GET /decrypt/ HTTP/1.1" 200 44054
"GET /admin HTTP/1.1" 301 0
"GET /admin/ HTTP/1.1" 302 0
"GET /admin/login/?next=/admin/ HTTP/1.1" 200 3690
"GET /static/admin/css/responsive.css HTTP/1.1" 200 16565
"GET /static/admin/css/login.css HTTP/1.1" 200 951
"GET /static/admin/js/theme.js HTTP/1.1" 200 1653
"GET /static/admin/css/dark_mode.css HTTP/1.1" 200 2808
"GET /static/admin/css/nav_sidebar.css HTTP/1.1" 200 2810
"GET /static/admin/css/base.css HTTP/1.1" 200 22120
"GET /static/admin/js/nav_sidebar.js HTTP/1.1" 200 3063
"POST /admin/login/?next=/admin/ HTTP/1.1" 302 0
"GET /admin/ HTTP/1.1" 200 9953
"GET /static/admin/css/dashboard.css HTTP/1.1" 200 441
"GET /static/admin/img/icon-addlink.svg HTTP/1.1" 200 331
"GET /static/admin/img/icon-changelink.svg HTTP/1.1" 200 380
"GET /static/admin/img/icon-deletelink.svg HTTP/1.1" 200 392
"GET /admin/auth/user/ HTTP/1.1" 200 13552
"GET /static/admin/js/admin/RelatedObjectLookups.js HTTP/1.1" 200 9777
"GET /static/admin/js/core.js HTTP/1.1" 200 6208
"GET /static/admin/js/jquery.init.js HTTP/1.1" 200 347
"GET /static/admin/css/changelists.css HTTP/1.1" 200 6878
"GET /static/admin/js/actions.js HTTP/1.1" 200 8076
"GET /static/admin/js/urlify.js HTTP/1.1" 200 7887
"GET /static/admin/js/prepopulate.js HTTP/1.1" 200 1531
"GET /admin/jsi18n/ HTTP/1.1" 200 3342
"GET /static/admin/img/search.svg HTTP/1.1" 200 458
"GET /static/admin/img/icon-no.svg HTTP/1.1" 200 560
"GET /static/admin/js/vendor/jquery/jquery.js HTTP/1.1" 200 285314
"GET /static/admin/js/vendor/xregexp/xregexp.js HTTP/1.1" 200 325171
"GET /static/admin/img/icon-yes.svg HTTP/1.1" 200 436
"GET /static/admin/js/filters.js HTTP/1.1" 200 978
"GET /static/admin/img/tooltag-add.svg HTTP/1.1" 200 331
"GET /static/admin/img/icon-viewlink.svg HTTP/1.1" 200 581
"GET /static/admin/img/sorting-icons.svg HTTP/1.1" 200 1097
"POST /admin/auth/user/ HTTP/1.1" 200 8402
"GET /static/admin/js/cancel.js HTTP/1.1" 200 884
"POST /admin/auth/user/ HTTP/1.1" 302 0
"GET /admin/auth/user/ HTTP/1.1" 200 13244
"GET /admin/jsi18n/ HTTP/1.1" 200 3342
"GET /admin/auth/group/ HTTP/1.1" 200 8658
"GET /admin/jsi18n/ HTTP/1.1" 200 3342
"GET /admin/auth/user/ HTTP/1.1" 200 13110
"GET /admin/jsi18n/ HTTP/1.1" 200 3342
"GET /admin/image_app/securetext/ HTTP/1.1" 200 10582
"GET /admin/jsi18n/ HTTP/1.1" 200 3342
"GET /admin/image_app/securetext/4/change/ HTTP/1.1" 200 10144
"GET /static/admin/js/prepopulate_init.js HTTP/1.1" 200 586
"GET /static/admin/css/forms.css HTTP/1.1" 200 8525
"GET /admin/jsi18n/ HTTP/1.1" 200 3342
"GET /static/admin/css/widgets.css HTTP/1.1" 200 11991
"GET /static/admin/js/change_form.js HTTP/1.1" 200 606
"GET /admin/image_app/securetext/ HTTP/1.1" 200 10582
"GET /admin/image_app/securetext/1/change/ HTTP/1.1" 200 10147
"GET /admin/jsi18n/ HTTP/1.1" 200 3342
"GET /admin/image_app/securetext/ HTTP/1.1" 200 10582
"GET /admin/image_app/securetext/ HTTP/1.1" 200 10582
"GET /admin/jsi18n/ HTTP/1.1" 200 3342
"GET /admin/image_app/securetext/ HTTP/1.1" 200 10582
"GET /admin/jsi18n/ HTTP/1.1" 200 3342
"GET /admin/password_change/ HTTP/1.1" 200 8351
"POST /admin/logout/ HTTP/1.1" 200 3568
"GET /admin/ HTTP/1.1" 302 0
"GET /admin/login/?next=/admin/ HTTP/1.1" 200 4173
"GET / HTTP/1.1" 302 0
"GET /login/?next=/ HTTP/1.1" 200 17247
"POST /login/ HTTP/1.1" 302 0
"GET / HTTP/1.1" 200 40530
"GET /logout/ HTTP/1.1" 302 0
"GET /login/ HTTP/1.1" 200 17552
"GET /register/ HTTP/1.1" 200 38288
"GET /login/ HTTP/1.1" 200 17247
"POST /login/ HTTP/1.1" 302 0
"GET / HTTP/1.1" 200 40530
"GET / HTTP/1.1" 200 40530
"GET / HTTP/1.1" 200 40530
"GET /encryption HTTP/1.1" 200 39678
"GET /about/ HTTP/1.1" 200 46127
"GET / HTTP/1.1" 200 40530
"GET /encryption HTTP/1.1" 200 39678
"GET / HTTP/1.1" 200 40530
"GET /decryption HTTP/1.1" 200 38557
"GET /generateqrtext/ HTTP/1.1" 200 38591
"GET /generateqrtext/ HTTP/1.1" 200 38591
"GET /generateqrtext/ HTTP/1.1" 200 38591
"GET /generate/ HTTP/1.1" 200 56818
"GET /decrypt/ HTTP/1.1" 200 44054
"GET /logout/ HTTP/1.1" 302 0
"GET /login/ HTTP/1.1" 200 17247
"POST /login/ HTTP/1.1" 302 0
"GET / HTTP/1.1" 200 40530
"GET / HTTP/1.1" 200 40530
"GET /logout/ HTTP/1.1" 302 0
"GET /login/ HTTP/1.1" 200 17552
